{"C:\\Users\\Schwab\\Documents\\GitHub\\base-api-express-prisma\\src\\entities\\User\\UserEntity.ts": {"path":"C:\\Users\\Schwab\\Documents\\GitHub\\base-api-express-prisma\\src\\entities\\User\\UserEntity.ts","all":false,"statementMap":{"0":{"start":{"line":1,"column":0},"end":{"line":1,"column":36}},"1":{"start":{"line":2,"column":0},"end":{"line":2,"column":0}},"2":{"start":{"line":3,"column":0},"end":{"line":3,"column":25}},"3":{"start":{"line":4,"column":0},"end":{"line":4,"column":13}},"4":{"start":{"line":5,"column":0},"end":{"line":5,"column":15}},"5":{"start":{"line":6,"column":0},"end":{"line":6,"column":16}},"6":{"start":{"line":7,"column":0},"end":{"line":7,"column":19}},"7":{"start":{"line":8,"column":0},"end":{"line":8,"column":0}},"8":{"start":{"line":9,"column":0},"end":{"line":9,"column":62}},"9":{"start":{"line":10,"column":0},"end":{"line":10,"column":23}},"10":{"start":{"line":11,"column":0},"end":{"line":11,"column":21}},"11":{"start":{"line":12,"column":0},"end":{"line":12,"column":23}},"12":{"start":{"line":13,"column":0},"end":{"line":13,"column":29}},"13":{"start":{"line":14,"column":0},"end":{"line":14,"column":3}},"14":{"start":{"line":15,"column":0},"end":{"line":15,"column":1}}},"s":{"0":1,"1":1,"2":1,"3":1,"4":1,"5":1,"6":1,"7":1,"8":1,"9":10,"10":10,"11":10,"12":10,"13":10,"14":1},"branchMap":{"0":{"type":"branch","line":9,"loc":{"start":{"line":9,"column":2},"end":{"line":14,"column":3}},"locations":[{"start":{"line":9,"column":2},"end":{"line":14,"column":3}}]}},"b":{"0":[10]},"fnMap":{"0":{"name":"UserEntity","decl":{"start":{"line":9,"column":2},"end":{"line":14,"column":3}},"loc":{"start":{"line":9,"column":2},"end":{"line":14,"column":3}},"line":9}},"f":{"0":10}}
,"C:\\Users\\Schwab\\Documents\\GitHub\\base-api-express-prisma\\src\\modules\\User\\CreateUser\\CreateUserController.ts": {"path":"C:\\Users\\Schwab\\Documents\\GitHub\\base-api-express-prisma\\src\\modules\\User\\CreateUser\\CreateUserController.ts","all":false,"statementMap":{"0":{"start":{"line":1,"column":0},"end":{"line":1,"column":72}},"1":{"start":{"line":2,"column":0},"end":{"line":2,"column":66}},"2":{"start":{"line":3,"column":0},"end":{"line":3,"column":49}},"3":{"start":{"line":4,"column":0},"end":{"line":4,"column":0}},"4":{"start":{"line":5,"column":0},"end":{"line":5,"column":68}},"5":{"start":{"line":6,"column":0},"end":{"line":6,"column":62}},"6":{"start":{"line":7,"column":0},"end":{"line":7,"column":0}},"7":{"start":{"line":8,"column":0},"end":{"line":8,"column":50}},"8":{"start":{"line":9,"column":0},"end":{"line":9,"column":26}},"9":{"start":{"line":10,"column":0},"end":{"line":10,"column":51}},"10":{"start":{"line":11,"column":0},"end":{"line":11,"column":52}},"11":{"start":{"line":12,"column":0},"end":{"line":12,"column":3}},"12":{"start":{"line":13,"column":0},"end":{"line":13,"column":0}},"13":{"start":{"line":14,"column":0},"end":{"line":14,"column":65}},"14":{"start":{"line":15,"column":0},"end":{"line":15,"column":26}},"15":{"start":{"line":16,"column":0},"end":{"line":16,"column":51}},"16":{"start":{"line":17,"column":0},"end":{"line":17,"column":18}},"17":{"start":{"line":18,"column":0},"end":{"line":18,"column":3}},"18":{"start":{"line":19,"column":0},"end":{"line":19,"column":1}}},"s":{"0":1,"1":1,"2":1,"3":1,"4":1,"5":1,"6":1,"7":1,"8":0,"9":0,"10":0,"11":0,"12":1,"13":1,"14":12,"15":12,"16":12,"17":12,"18":1},"branchMap":{"0":{"type":"branch","line":6,"loc":{"start":{"line":6,"column":2},"end":{"line":6,"column":62}},"locations":[{"start":{"line":6,"column":2},"end":{"line":6,"column":62}}]},"1":{"type":"branch","line":14,"loc":{"start":{"line":14,"column":8},"end":{"line":18,"column":3}},"locations":[{"start":{"line":14,"column":8},"end":{"line":18,"column":3}}]}},"b":{"0":[22],"1":[12]},"fnMap":{"0":{"name":"CreateUserController","decl":{"start":{"line":6,"column":2},"end":{"line":6,"column":62}},"loc":{"start":{"line":6,"column":2},"end":{"line":6,"column":62}},"line":6},"1":{"name":"create","decl":{"start":{"line":8,"column":8},"end":{"line":12,"column":3}},"loc":{"start":{"line":8,"column":8},"end":{"line":12,"column":3}},"line":8},"2":{"name":"createMock","decl":{"start":{"line":14,"column":8},"end":{"line":18,"column":3}},"loc":{"start":{"line":14,"column":8},"end":{"line":18,"column":3}},"line":14}},"f":{"0":22,"1":0,"2":12}}
,"C:\\Users\\Schwab\\Documents\\GitHub\\base-api-express-prisma\\src\\modules\\User\\CreateUser\\CreateUserService.ts": {"path":"C:\\Users\\Schwab\\Documents\\GitHub\\base-api-express-prisma\\src\\modules\\User\\CreateUser\\CreateUserService.ts","all":false,"statementMap":{"0":{"start":{"line":1,"column":0},"end":{"line":1,"column":49}},"1":{"start":{"line":2,"column":0},"end":{"line":2,"column":66}},"2":{"start":{"line":3,"column":0},"end":{"line":3,"column":89}},"3":{"start":{"line":4,"column":0},"end":{"line":4,"column":63}},"4":{"start":{"line":5,"column":0},"end":{"line":5,"column":0}},"5":{"start":{"line":6,"column":0},"end":{"line":6,"column":62}},"6":{"start":{"line":7,"column":0},"end":{"line":7,"column":62}},"7":{"start":{"line":8,"column":0},"end":{"line":8,"column":0}},"8":{"start":{"line":9,"column":0},"end":{"line":9,"column":64}},"9":{"start":{"line":10,"column":0},"end":{"line":10,"column":16}},"10":{"start":{"line":11,"column":0},"end":{"line":11,"column":14}},"11":{"start":{"line":12,"column":0},"end":{"line":12,"column":24}},"12":{"start":{"line":13,"column":0},"end":{"line":13,"column":38}},"13":{"start":{"line":14,"column":0},"end":{"line":14,"column":8}},"14":{"start":{"line":15,"column":0},"end":{"line":15,"column":5}},"15":{"start":{"line":16,"column":0},"end":{"line":16,"column":21}},"16":{"start":{"line":17,"column":0},"end":{"line":17,"column":14}},"17":{"start":{"line":18,"column":0},"end":{"line":18,"column":24}},"18":{"start":{"line":19,"column":0},"end":{"line":19,"column":38}},"19":{"start":{"line":20,"column":0},"end":{"line":20,"column":8}},"20":{"start":{"line":21,"column":0},"end":{"line":21,"column":5}},"21":{"start":{"line":22,"column":0},"end":{"line":22,"column":0}},"22":{"start":{"line":23,"column":0},"end":{"line":23,"column":22}},"23":{"start":{"line":24,"column":0},"end":{"line":24,"column":14}},"24":{"start":{"line":25,"column":0},"end":{"line":25,"column":24}},"25":{"start":{"line":26,"column":0},"end":{"line":26,"column":40}},"26":{"start":{"line":27,"column":0},"end":{"line":27,"column":8}},"27":{"start":{"line":28,"column":0},"end":{"line":28,"column":5}},"28":{"start":{"line":29,"column":0},"end":{"line":29,"column":0}},"29":{"start":{"line":30,"column":0},"end":{"line":30,"column":25}},"30":{"start":{"line":31,"column":0},"end":{"line":31,"column":14}},"31":{"start":{"line":32,"column":0},"end":{"line":32,"column":24}},"32":{"start":{"line":33,"column":0},"end":{"line":33,"column":39}},"33":{"start":{"line":34,"column":0},"end":{"line":34,"column":8}},"34":{"start":{"line":35,"column":0},"end":{"line":35,"column":5}},"35":{"start":{"line":36,"column":0},"end":{"line":36,"column":0}},"36":{"start":{"line":37,"column":0},"end":{"line":37,"column":32}},"37":{"start":{"line":38,"column":0},"end":{"line":38,"column":14}},"38":{"start":{"line":39,"column":0},"end":{"line":39,"column":24}},"39":{"start":{"line":40,"column":0},"end":{"line":40,"column":54}},"40":{"start":{"line":41,"column":0},"end":{"line":41,"column":8}},"41":{"start":{"line":42,"column":0},"end":{"line":42,"column":5}},"42":{"start":{"line":43,"column":0},"end":{"line":43,"column":0}},"43":{"start":{"line":44,"column":0},"end":{"line":44,"column":48}},"44":{"start":{"line":45,"column":0},"end":{"line":45,"column":14}},"45":{"start":{"line":46,"column":0},"end":{"line":46,"column":24}},"46":{"start":{"line":47,"column":0},"end":{"line":47,"column":44}},"47":{"start":{"line":48,"column":0},"end":{"line":48,"column":8}},"48":{"start":{"line":49,"column":0},"end":{"line":49,"column":5}},"49":{"start":{"line":50,"column":0},"end":{"line":50,"column":0}},"50":{"start":{"line":51,"column":0},"end":{"line":51,"column":68}},"51":{"start":{"line":52,"column":0},"end":{"line":52,"column":0}},"52":{"start":{"line":53,"column":0},"end":{"line":53,"column":20}},"53":{"start":{"line":54,"column":0},"end":{"line":54,"column":14}},"54":{"start":{"line":55,"column":0},"end":{"line":55,"column":24}},"55":{"start":{"line":56,"column":0},"end":{"line":56,"column":72}},"56":{"start":{"line":57,"column":0},"end":{"line":57,"column":8}},"57":{"start":{"line":58,"column":0},"end":{"line":58,"column":5}},"58":{"start":{"line":59,"column":0},"end":{"line":59,"column":0}},"59":{"start":{"line":60,"column":0},"end":{"line":60,"column":75}},"60":{"start":{"line":61,"column":0},"end":{"line":61,"column":0}},"61":{"start":{"line":62,"column":0},"end":{"line":62,"column":57}},"62":{"start":{"line":63,"column":0},"end":{"line":63,"column":0}},"63":{"start":{"line":64,"column":0},"end":{"line":64,"column":15}},"64":{"start":{"line":65,"column":0},"end":{"line":65,"column":14}},"65":{"start":{"line":66,"column":0},"end":{"line":66,"column":24}},"66":{"start":{"line":67,"column":0},"end":{"line":67,"column":48}},"67":{"start":{"line":68,"column":0},"end":{"line":68,"column":8}},"68":{"start":{"line":69,"column":0},"end":{"line":69,"column":12}},"69":{"start":{"line":70,"column":0},"end":{"line":70,"column":14}},"70":{"start":{"line":71,"column":0},"end":{"line":71,"column":24}},"71":{"start":{"line":72,"column":0},"end":{"line":72,"column":58}},"72":{"start":{"line":73,"column":0},"end":{"line":73,"column":8}},"73":{"start":{"line":74,"column":0},"end":{"line":74,"column":5}},"74":{"start":{"line":75,"column":0},"end":{"line":75,"column":3}},"75":{"start":{"line":76,"column":0},"end":{"line":76,"column":1}}},"s":{"0":1,"1":1,"2":1,"3":1,"4":1,"5":1,"6":1,"7":1,"8":1,"9":22,"10":0,"11":0,"12":0,"13":0,"14":0,"15":22,"16":2,"17":2,"18":2,"19":2,"20":2,"21":20,"22":22,"23":2,"24":2,"25":2,"26":2,"27":2,"28":18,"29":22,"30":2,"31":2,"32":2,"33":2,"34":2,"35":16,"36":22,"37":2,"38":2,"39":2,"40":2,"41":2,"42":14,"43":22,"44":2,"45":2,"46":2,"47":2,"48":2,"49":12,"50":12,"51":12,"52":22,"53":2,"54":2,"55":2,"56":2,"57":2,"58":10,"59":10,"60":10,"61":10,"62":10,"63":10,"64":10,"65":10,"66":10,"67":10,"68":22,"69":0,"70":0,"71":0,"72":0,"73":0,"74":22,"75":1},"branchMap":{"0":{"type":"branch","line":7,"loc":{"start":{"line":7,"column":2},"end":{"line":7,"column":62}},"locations":[{"start":{"line":7,"column":2},"end":{"line":7,"column":62}}]},"1":{"type":"branch","line":9,"loc":{"start":{"line":9,"column":8},"end":{"line":75,"column":3}},"locations":[{"start":{"line":9,"column":8},"end":{"line":75,"column":3}}]},"2":{"type":"branch","line":10,"loc":{"start":{"line":10,"column":15},"end":{"line":15,"column":5}},"locations":[{"start":{"line":10,"column":15},"end":{"line":15,"column":5}}]},"3":{"type":"branch","line":16,"loc":{"start":{"line":16,"column":20},"end":{"line":21,"column":5}},"locations":[{"start":{"line":16,"column":20},"end":{"line":21,"column":5}}]},"4":{"type":"branch","line":22,"loc":{"start":{"line":22,"column":-2},"end":{"line":23,"column":21}},"locations":[{"start":{"line":22,"column":-2},"end":{"line":23,"column":21}}]},"5":{"type":"branch","line":23,"loc":{"start":{"line":23,"column":21},"end":{"line":28,"column":5}},"locations":[{"start":{"line":23,"column":21},"end":{"line":28,"column":5}}]},"6":{"type":"branch","line":29,"loc":{"start":{"line":29,"column":-2},"end":{"line":30,"column":24}},"locations":[{"start":{"line":29,"column":-2},"end":{"line":30,"column":24}}]},"7":{"type":"branch","line":30,"loc":{"start":{"line":30,"column":24},"end":{"line":35,"column":5}},"locations":[{"start":{"line":30,"column":24},"end":{"line":35,"column":5}}]},"8":{"type":"branch","line":36,"loc":{"start":{"line":36,"column":-2},"end":{"line":37,"column":31}},"locations":[{"start":{"line":36,"column":-2},"end":{"line":37,"column":31}}]},"9":{"type":"branch","line":37,"loc":{"start":{"line":37,"column":31},"end":{"line":42,"column":5}},"locations":[{"start":{"line":37,"column":31},"end":{"line":42,"column":5}}]},"10":{"type":"branch","line":43,"loc":{"start":{"line":43,"column":-2},"end":{"line":44,"column":47}},"locations":[{"start":{"line":43,"column":-2},"end":{"line":44,"column":47}}]},"11":{"type":"branch","line":44,"loc":{"start":{"line":44,"column":47},"end":{"line":49,"column":5}},"locations":[{"start":{"line":44,"column":47},"end":{"line":49,"column":5}}]},"12":{"type":"branch","line":50,"loc":{"start":{"line":50,"column":-2},"end":{"line":53,"column":19}},"locations":[{"start":{"line":50,"column":-2},"end":{"line":53,"column":19}}]},"13":{"type":"branch","line":53,"loc":{"start":{"line":53,"column":19},"end":{"line":69,"column":11}},"locations":[{"start":{"line":53,"column":19},"end":{"line":69,"column":11}}]},"14":{"type":"branch","line":53,"loc":{"start":{"line":53,"column":19},"end":{"line":58,"column":5}},"locations":[{"start":{"line":53,"column":19},"end":{"line":58,"column":5}}]},"15":{"type":"branch","line":69,"loc":{"start":{"line":69,"column":5},"end":{"line":74,"column":5}},"locations":[{"start":{"line":69,"column":5},"end":{"line":74,"column":5}}]}},"b":{"0":[22],"1":[22],"2":[0],"3":[2],"4":[20],"5":[2],"6":[18],"7":[2],"8":[16],"9":[2],"10":[14],"11":[2],"12":[12],"13":[10],"14":[2],"15":[0]},"fnMap":{"0":{"name":"CreateUserService","decl":{"start":{"line":7,"column":2},"end":{"line":7,"column":62}},"loc":{"start":{"line":7,"column":2},"end":{"line":7,"column":62}},"line":7},"1":{"name":"create","decl":{"start":{"line":9,"column":8},"end":{"line":75,"column":3}},"loc":{"start":{"line":9,"column":8},"end":{"line":75,"column":3}},"line":9}},"f":{"0":22,"1":22}}
,"C:\\Users\\Schwab\\Documents\\GitHub\\base-api-express-prisma\\src\\modules\\User\\DeleteUser\\DeleteUserController.ts": {"path":"C:\\Users\\Schwab\\Documents\\GitHub\\base-api-express-prisma\\src\\modules\\User\\DeleteUser\\DeleteUserController.ts","all":false,"statementMap":{"0":{"start":{"line":1,"column":0},"end":{"line":1,"column":72}},"1":{"start":{"line":2,"column":0},"end":{"line":2,"column":66}},"2":{"start":{"line":3,"column":0},"end":{"line":3,"column":49}},"3":{"start":{"line":4,"column":0},"end":{"line":4,"column":0}},"4":{"start":{"line":5,"column":0},"end":{"line":5,"column":68}},"5":{"start":{"line":6,"column":0},"end":{"line":6,"column":62}},"6":{"start":{"line":7,"column":0},"end":{"line":7,"column":0}},"7":{"start":{"line":8,"column":0},"end":{"line":8,"column":51}},"8":{"start":{"line":9,"column":0},"end":{"line":9,"column":30}},"9":{"start":{"line":10,"column":0},"end":{"line":10,"column":49}},"10":{"start":{"line":11,"column":0},"end":{"line":11,"column":52}},"11":{"start":{"line":12,"column":0},"end":{"line":12,"column":3}},"12":{"start":{"line":13,"column":0},"end":{"line":13,"column":0}},"13":{"start":{"line":14,"column":0},"end":{"line":14,"column":65}},"14":{"start":{"line":15,"column":0},"end":{"line":15,"column":30}},"15":{"start":{"line":16,"column":0},"end":{"line":16,"column":49}},"16":{"start":{"line":17,"column":0},"end":{"line":17,"column":18}},"17":{"start":{"line":18,"column":0},"end":{"line":18,"column":3}},"18":{"start":{"line":19,"column":0},"end":{"line":19,"column":1}}},"s":{"0":1,"1":1,"2":1,"3":1,"4":1,"5":1,"6":1,"7":1,"8":0,"9":0,"10":0,"11":0,"12":1,"13":1,"14":2,"15":2,"16":2,"17":2,"18":1},"branchMap":{"0":{"type":"branch","line":6,"loc":{"start":{"line":6,"column":2},"end":{"line":6,"column":62}},"locations":[{"start":{"line":6,"column":2},"end":{"line":6,"column":62}}]},"1":{"type":"branch","line":14,"loc":{"start":{"line":14,"column":8},"end":{"line":18,"column":3}},"locations":[{"start":{"line":14,"column":8},"end":{"line":18,"column":3}}]}},"b":{"0":[4],"1":[2]},"fnMap":{"0":{"name":"DeleteUserController","decl":{"start":{"line":6,"column":2},"end":{"line":6,"column":62}},"loc":{"start":{"line":6,"column":2},"end":{"line":6,"column":62}},"line":6},"1":{"name":"delete","decl":{"start":{"line":8,"column":8},"end":{"line":12,"column":3}},"loc":{"start":{"line":8,"column":8},"end":{"line":12,"column":3}},"line":8},"2":{"name":"deleteMock","decl":{"start":{"line":14,"column":8},"end":{"line":18,"column":3}},"loc":{"start":{"line":14,"column":8},"end":{"line":18,"column":3}},"line":14}},"f":{"0":4,"1":0,"2":2}}
,"C:\\Users\\Schwab\\Documents\\GitHub\\base-api-express-prisma\\src\\modules\\User\\DeleteUser\\DeleteUserService.ts": {"path":"C:\\Users\\Schwab\\Documents\\GitHub\\base-api-express-prisma\\src\\modules\\User\\DeleteUser\\DeleteUserService.ts","all":false,"statementMap":{"0":{"start":{"line":1,"column":0},"end":{"line":1,"column":49}},"1":{"start":{"line":2,"column":0},"end":{"line":2,"column":66}},"2":{"start":{"line":3,"column":0},"end":{"line":3,"column":89}},"3":{"start":{"line":4,"column":0},"end":{"line":4,"column":0}},"4":{"start":{"line":5,"column":0},"end":{"line":5,"column":62}},"5":{"start":{"line":6,"column":0},"end":{"line":6,"column":62}},"6":{"start":{"line":7,"column":0},"end":{"line":7,"column":0}},"7":{"start":{"line":8,"column":0},"end":{"line":8,"column":53}},"8":{"start":{"line":9,"column":0},"end":{"line":9,"column":50}},"9":{"start":{"line":10,"column":0},"end":{"line":10,"column":16}},"10":{"start":{"line":11,"column":0},"end":{"line":11,"column":14}},"11":{"start":{"line":12,"column":0},"end":{"line":12,"column":24}},"12":{"start":{"line":13,"column":0},"end":{"line":13,"column":58}},"13":{"start":{"line":14,"column":0},"end":{"line":14,"column":8}},"14":{"start":{"line":15,"column":0},"end":{"line":15,"column":5}},"15":{"start":{"line":16,"column":0},"end":{"line":16,"column":0}},"16":{"start":{"line":17,"column":0},"end":{"line":17,"column":30}},"17":{"start":{"line":18,"column":0},"end":{"line":18,"column":14}},"18":{"start":{"line":19,"column":0},"end":{"line":19,"column":24}},"19":{"start":{"line":20,"column":0},"end":{"line":20,"column":40}},"20":{"start":{"line":21,"column":0},"end":{"line":21,"column":8}},"21":{"start":{"line":22,"column":0},"end":{"line":22,"column":5}},"22":{"start":{"line":23,"column":0},"end":{"line":23,"column":0}},"23":{"start":{"line":24,"column":0},"end":{"line":24,"column":12}},"24":{"start":{"line":25,"column":0},"end":{"line":25,"column":22}},"25":{"start":{"line":26,"column":0},"end":{"line":26,"column":44}},"26":{"start":{"line":27,"column":0},"end":{"line":27,"column":6}},"27":{"start":{"line":28,"column":0},"end":{"line":28,"column":3}},"28":{"start":{"line":29,"column":0},"end":{"line":29,"column":1}}},"s":{"0":1,"1":1,"2":1,"3":1,"4":1,"5":1,"6":1,"7":1,"8":4,"9":4,"10":0,"11":0,"12":0,"13":0,"14":0,"15":4,"16":4,"17":2,"18":2,"19":2,"20":2,"21":2,"22":2,"23":2,"24":2,"25":2,"26":2,"27":2,"28":1},"branchMap":{"0":{"type":"branch","line":6,"loc":{"start":{"line":6,"column":2},"end":{"line":6,"column":62}},"locations":[{"start":{"line":6,"column":2},"end":{"line":6,"column":62}}]},"1":{"type":"branch","line":8,"loc":{"start":{"line":8,"column":8},"end":{"line":28,"column":3}},"locations":[{"start":{"line":8,"column":8},"end":{"line":28,"column":3}}]},"2":{"type":"branch","line":10,"loc":{"start":{"line":10,"column":15},"end":{"line":15,"column":5}},"locations":[{"start":{"line":10,"column":15},"end":{"line":15,"column":5}}]},"3":{"type":"branch","line":17,"loc":{"start":{"line":17,"column":29},"end":{"line":28,"column":3}},"locations":[{"start":{"line":17,"column":29},"end":{"line":28,"column":3}}]}},"b":{"0":[4],"1":[4],"2":[0],"3":[2]},"fnMap":{"0":{"name":"DeleteUserService","decl":{"start":{"line":6,"column":2},"end":{"line":6,"column":62}},"loc":{"start":{"line":6,"column":2},"end":{"line":6,"column":62}},"line":6},"1":{"name":"delete","decl":{"start":{"line":8,"column":8},"end":{"line":28,"column":3}},"loc":{"start":{"line":8,"column":8},"end":{"line":28,"column":3}},"line":8}},"f":{"0":4,"1":4}}
,"C:\\Users\\Schwab\\Documents\\GitHub\\base-api-express-prisma\\src\\modules\\User\\FindAllUser\\FindAllUserController.ts": {"path":"C:\\Users\\Schwab\\Documents\\GitHub\\base-api-express-prisma\\src\\modules\\User\\FindAllUser\\FindAllUserController.ts","all":false,"statementMap":{"0":{"start":{"line":1,"column":0},"end":{"line":1,"column":74}},"1":{"start":{"line":2,"column":0},"end":{"line":2,"column":68}},"2":{"start":{"line":3,"column":0},"end":{"line":3,"column":49}},"3":{"start":{"line":4,"column":0},"end":{"line":4,"column":0}},"4":{"start":{"line":5,"column":0},"end":{"line":5,"column":70}},"5":{"start":{"line":6,"column":0},"end":{"line":6,"column":63}},"6":{"start":{"line":7,"column":0},"end":{"line":7,"column":52}},"7":{"start":{"line":8,"column":0},"end":{"line":8,"column":48}},"8":{"start":{"line":9,"column":0},"end":{"line":9,"column":52}},"9":{"start":{"line":10,"column":0},"end":{"line":10,"column":3}},"10":{"start":{"line":11,"column":0},"end":{"line":11,"column":0}},"11":{"start":{"line":12,"column":0},"end":{"line":12,"column":66}},"12":{"start":{"line":13,"column":0},"end":{"line":13,"column":48}},"13":{"start":{"line":14,"column":0},"end":{"line":14,"column":18}},"14":{"start":{"line":15,"column":0},"end":{"line":15,"column":3}},"15":{"start":{"line":16,"column":0},"end":{"line":16,"column":1}}},"s":{"0":1,"1":1,"2":1,"3":1,"4":1,"5":1,"6":1,"7":0,"8":0,"9":0,"10":1,"11":1,"12":2,"13":2,"14":2,"15":1},"branchMap":{"0":{"type":"branch","line":6,"loc":{"start":{"line":6,"column":2},"end":{"line":6,"column":63}},"locations":[{"start":{"line":6,"column":2},"end":{"line":6,"column":63}}]},"1":{"type":"branch","line":12,"loc":{"start":{"line":12,"column":8},"end":{"line":15,"column":3}},"locations":[{"start":{"line":12,"column":8},"end":{"line":15,"column":3}}]}},"b":{"0":[4],"1":[2]},"fnMap":{"0":{"name":"FindAllUserController","decl":{"start":{"line":6,"column":2},"end":{"line":6,"column":63}},"loc":{"start":{"line":6,"column":2},"end":{"line":6,"column":63}},"line":6},"1":{"name":"findAll","decl":{"start":{"line":7,"column":8},"end":{"line":10,"column":3}},"loc":{"start":{"line":7,"column":8},"end":{"line":10,"column":3}},"line":7},"2":{"name":"findAllMock","decl":{"start":{"line":12,"column":8},"end":{"line":15,"column":3}},"loc":{"start":{"line":12,"column":8},"end":{"line":15,"column":3}},"line":12}},"f":{"0":4,"1":0,"2":2}}
,"C:\\Users\\Schwab\\Documents\\GitHub\\base-api-express-prisma\\src\\modules\\User\\FindAllUser\\FindAllUserService.ts": {"path":"C:\\Users\\Schwab\\Documents\\GitHub\\base-api-express-prisma\\src\\modules\\User\\FindAllUser\\FindAllUserService.ts","all":false,"statementMap":{"0":{"start":{"line":1,"column":0},"end":{"line":1,"column":49}},"1":{"start":{"line":2,"column":0},"end":{"line":2,"column":89}},"2":{"start":{"line":3,"column":0},"end":{"line":3,"column":68}},"3":{"start":{"line":4,"column":0},"end":{"line":4,"column":0}},"4":{"start":{"line":5,"column":0},"end":{"line":5,"column":64}},"5":{"start":{"line":6,"column":0},"end":{"line":6,"column":62}},"6":{"start":{"line":7,"column":0},"end":{"line":7,"column":0}},"7":{"start":{"line":8,"column":0},"end":{"line":8,"column":44}},"8":{"start":{"line":9,"column":0},"end":{"line":9,"column":50}},"9":{"start":{"line":10,"column":0},"end":{"line":10,"column":0}},"10":{"start":{"line":11,"column":0},"end":{"line":11,"column":28}},"11":{"start":{"line":12,"column":0},"end":{"line":12,"column":14}},"12":{"start":{"line":13,"column":0},"end":{"line":13,"column":24}},"13":{"start":{"line":14,"column":0},"end":{"line":14,"column":20}},"14":{"start":{"line":15,"column":0},"end":{"line":15,"column":8}},"15":{"start":{"line":16,"column":0},"end":{"line":16,"column":5}},"16":{"start":{"line":17,"column":0},"end":{"line":17,"column":0}},"17":{"start":{"line":18,"column":0},"end":{"line":18,"column":12}},"18":{"start":{"line":19,"column":0},"end":{"line":19,"column":22}},"19":{"start":{"line":20,"column":0},"end":{"line":20,"column":18}},"20":{"start":{"line":21,"column":0},"end":{"line":21,"column":6}},"21":{"start":{"line":22,"column":0},"end":{"line":22,"column":3}},"22":{"start":{"line":23,"column":0},"end":{"line":23,"column":1}}},"s":{"0":1,"1":1,"2":1,"3":1,"4":1,"5":1,"6":1,"7":1,"8":4,"9":4,"10":4,"11":2,"12":2,"13":2,"14":2,"15":2,"16":2,"17":2,"18":2,"19":2,"20":2,"21":2,"22":1},"branchMap":{"0":{"type":"branch","line":6,"loc":{"start":{"line":6,"column":2},"end":{"line":6,"column":62}},"locations":[{"start":{"line":6,"column":2},"end":{"line":6,"column":62}}]},"1":{"type":"branch","line":8,"loc":{"start":{"line":8,"column":8},"end":{"line":22,"column":3}},"locations":[{"start":{"line":8,"column":8},"end":{"line":22,"column":3}}]},"2":{"type":"branch","line":11,"loc":{"start":{"line":11,"column":27},"end":{"line":22,"column":3}},"locations":[{"start":{"line":11,"column":27},"end":{"line":22,"column":3}}]}},"b":{"0":[4],"1":[4],"2":[2]},"fnMap":{"0":{"name":"FindAllUserService","decl":{"start":{"line":6,"column":2},"end":{"line":6,"column":62}},"loc":{"start":{"line":6,"column":2},"end":{"line":6,"column":62}},"line":6},"1":{"name":"findAll","decl":{"start":{"line":8,"column":8},"end":{"line":22,"column":3}},"loc":{"start":{"line":8,"column":8},"end":{"line":22,"column":3}},"line":8}},"f":{"0":4,"1":4}}
,"C:\\Users\\Schwab\\Documents\\GitHub\\base-api-express-prisma\\src\\modules\\User\\FindUser\\FindUserController.ts": {"path":"C:\\Users\\Schwab\\Documents\\GitHub\\base-api-express-prisma\\src\\modules\\User\\FindUser\\FindUserController.ts","all":false,"statementMap":{"0":{"start":{"line":1,"column":0},"end":{"line":1,"column":68}},"1":{"start":{"line":2,"column":0},"end":{"line":2,"column":62}},"2":{"start":{"line":3,"column":0},"end":{"line":3,"column":49}},"3":{"start":{"line":4,"column":0},"end":{"line":4,"column":0}},"4":{"start":{"line":5,"column":0},"end":{"line":5,"column":64}},"5":{"start":{"line":6,"column":0},"end":{"line":6,"column":60}},"6":{"start":{"line":7,"column":0},"end":{"line":7,"column":49}},"7":{"start":{"line":8,"column":0},"end":{"line":8,"column":30}},"8":{"start":{"line":9,"column":0},"end":{"line":9,"column":47}},"9":{"start":{"line":10,"column":0},"end":{"line":10,"column":52}},"10":{"start":{"line":11,"column":0},"end":{"line":11,"column":3}},"11":{"start":{"line":12,"column":0},"end":{"line":12,"column":0}},"12":{"start":{"line":13,"column":0},"end":{"line":13,"column":63}},"13":{"start":{"line":14,"column":0},"end":{"line":14,"column":30}},"14":{"start":{"line":15,"column":0},"end":{"line":15,"column":47}},"15":{"start":{"line":16,"column":0},"end":{"line":16,"column":18}},"16":{"start":{"line":17,"column":0},"end":{"line":17,"column":3}},"17":{"start":{"line":18,"column":0},"end":{"line":18,"column":1}}},"s":{"0":1,"1":1,"2":1,"3":1,"4":1,"5":1,"6":1,"7":0,"8":0,"9":0,"10":0,"11":1,"12":1,"13":2,"14":2,"15":2,"16":2,"17":1},"branchMap":{"0":{"type":"branch","line":6,"loc":{"start":{"line":6,"column":2},"end":{"line":6,"column":60}},"locations":[{"start":{"line":6,"column":2},"end":{"line":6,"column":60}}]},"1":{"type":"branch","line":13,"loc":{"start":{"line":13,"column":8},"end":{"line":17,"column":3}},"locations":[{"start":{"line":13,"column":8},"end":{"line":17,"column":3}}]}},"b":{"0":[6],"1":[2]},"fnMap":{"0":{"name":"FindUserController","decl":{"start":{"line":6,"column":2},"end":{"line":6,"column":60}},"loc":{"start":{"line":6,"column":2},"end":{"line":6,"column":60}},"line":6},"1":{"name":"find","decl":{"start":{"line":7,"column":8},"end":{"line":11,"column":3}},"loc":{"start":{"line":7,"column":8},"end":{"line":11,"column":3}},"line":7},"2":{"name":"findMock","decl":{"start":{"line":13,"column":8},"end":{"line":17,"column":3}},"loc":{"start":{"line":13,"column":8},"end":{"line":17,"column":3}},"line":13}},"f":{"0":6,"1":0,"2":2}}
,"C:\\Users\\Schwab\\Documents\\GitHub\\base-api-express-prisma\\src\\modules\\User\\FindUser\\FindUserService.ts": {"path":"C:\\Users\\Schwab\\Documents\\GitHub\\base-api-express-prisma\\src\\modules\\User\\FindUser\\FindUserService.ts","all":false,"statementMap":{"0":{"start":{"line":1,"column":0},"end":{"line":1,"column":49}},"1":{"start":{"line":2,"column":0},"end":{"line":2,"column":62}},"2":{"start":{"line":3,"column":0},"end":{"line":3,"column":89}},"3":{"start":{"line":4,"column":0},"end":{"line":4,"column":0}},"4":{"start":{"line":5,"column":0},"end":{"line":5,"column":58}},"5":{"start":{"line":6,"column":0},"end":{"line":6,"column":62}},"6":{"start":{"line":7,"column":0},"end":{"line":7,"column":0}},"7":{"start":{"line":8,"column":0},"end":{"line":8,"column":51}},"8":{"start":{"line":9,"column":0},"end":{"line":9,"column":14}},"9":{"start":{"line":10,"column":0},"end":{"line":10,"column":14}},"10":{"start":{"line":11,"column":0},"end":{"line":11,"column":24}},"11":{"start":{"line":12,"column":0},"end":{"line":12,"column":36}},"12":{"start":{"line":13,"column":0},"end":{"line":13,"column":8}},"13":{"start":{"line":14,"column":0},"end":{"line":14,"column":5}},"14":{"start":{"line":15,"column":0},"end":{"line":15,"column":0}},"15":{"start":{"line":16,"column":0},"end":{"line":16,"column":52}},"16":{"start":{"line":17,"column":0},"end":{"line":17,"column":0}},"17":{"start":{"line":18,"column":0},"end":{"line":18,"column":16}},"18":{"start":{"line":19,"column":0},"end":{"line":19,"column":14}},"19":{"start":{"line":20,"column":0},"end":{"line":20,"column":24}},"20":{"start":{"line":21,"column":0},"end":{"line":21,"column":40}},"21":{"start":{"line":22,"column":0},"end":{"line":22,"column":8}},"22":{"start":{"line":23,"column":0},"end":{"line":23,"column":12}},"23":{"start":{"line":24,"column":0},"end":{"line":24,"column":14}},"24":{"start":{"line":25,"column":0},"end":{"line":25,"column":24}},"25":{"start":{"line":26,"column":0},"end":{"line":26,"column":19}},"26":{"start":{"line":27,"column":0},"end":{"line":27,"column":8}},"27":{"start":{"line":28,"column":0},"end":{"line":28,"column":5}},"28":{"start":{"line":29,"column":0},"end":{"line":29,"column":3}},"29":{"start":{"line":30,"column":0},"end":{"line":30,"column":1}}},"s":{"0":1,"1":1,"2":1,"3":1,"4":1,"5":1,"6":1,"7":1,"8":6,"9":0,"10":0,"11":0,"12":0,"13":0,"14":6,"15":6,"16":6,"17":6,"18":2,"19":2,"20":2,"21":2,"22":4,"23":4,"24":4,"25":4,"26":4,"27":4,"28":6,"29":1},"branchMap":{"0":{"type":"branch","line":6,"loc":{"start":{"line":6,"column":2},"end":{"line":6,"column":62}},"locations":[{"start":{"line":6,"column":2},"end":{"line":6,"column":62}}]},"1":{"type":"branch","line":8,"loc":{"start":{"line":8,"column":8},"end":{"line":29,"column":3}},"locations":[{"start":{"line":8,"column":8},"end":{"line":29,"column":3}}]},"2":{"type":"branch","line":9,"loc":{"start":{"line":9,"column":13},"end":{"line":14,"column":5}},"locations":[{"start":{"line":9,"column":13},"end":{"line":14,"column":5}}]},"3":{"type":"branch","line":18,"loc":{"start":{"line":18,"column":15},"end":{"line":28,"column":5}},"locations":[{"start":{"line":18,"column":15},"end":{"line":28,"column":5}}]},"4":{"type":"branch","line":18,"loc":{"start":{"line":18,"column":15},"end":{"line":23,"column":11}},"locations":[{"start":{"line":18,"column":15},"end":{"line":23,"column":11}}]}},"b":{"0":[6],"1":[6],"2":[0],"3":[4],"4":[2]},"fnMap":{"0":{"name":"FindUserService","decl":{"start":{"line":6,"column":2},"end":{"line":6,"column":62}},"loc":{"start":{"line":6,"column":2},"end":{"line":6,"column":62}},"line":6},"1":{"name":"find","decl":{"start":{"line":8,"column":8},"end":{"line":29,"column":3}},"loc":{"start":{"line":8,"column":8},"end":{"line":29,"column":3}},"line":8}},"f":{"0":6,"1":6}}
,"C:\\Users\\Schwab\\Documents\\GitHub\\base-api-express-prisma\\src\\modules\\User\\UpdateUser\\UpdateUserController.ts": {"path":"C:\\Users\\Schwab\\Documents\\GitHub\\base-api-express-prisma\\src\\modules\\User\\UpdateUser\\UpdateUserController.ts","all":false,"statementMap":{"0":{"start":{"line":1,"column":0},"end":{"line":1,"column":72}},"1":{"start":{"line":2,"column":0},"end":{"line":2,"column":66}},"2":{"start":{"line":3,"column":0},"end":{"line":3,"column":49}},"3":{"start":{"line":4,"column":0},"end":{"line":4,"column":0}},"4":{"start":{"line":5,"column":0},"end":{"line":5,"column":68}},"5":{"start":{"line":6,"column":0},"end":{"line":6,"column":62}},"6":{"start":{"line":7,"column":0},"end":{"line":7,"column":51}},"7":{"start":{"line":8,"column":0},"end":{"line":8,"column":30}},"8":{"start":{"line":9,"column":0},"end":{"line":9,"column":59}},"9":{"start":{"line":10,"column":0},"end":{"line":10,"column":52}},"10":{"start":{"line":11,"column":0},"end":{"line":11,"column":3}},"11":{"start":{"line":12,"column":0},"end":{"line":12,"column":0}},"12":{"start":{"line":13,"column":0},"end":{"line":13,"column":65}},"13":{"start":{"line":14,"column":0},"end":{"line":14,"column":30}},"14":{"start":{"line":15,"column":0},"end":{"line":15,"column":59}},"15":{"start":{"line":16,"column":0},"end":{"line":16,"column":18}},"16":{"start":{"line":17,"column":0},"end":{"line":17,"column":3}},"17":{"start":{"line":18,"column":0},"end":{"line":18,"column":1}}},"s":{"0":1,"1":1,"2":1,"3":1,"4":1,"5":1,"6":1,"7":0,"8":0,"9":0,"10":0,"11":1,"12":1,"13":9,"14":9,"15":9,"16":9,"17":1},"branchMap":{"0":{"type":"branch","line":6,"loc":{"start":{"line":6,"column":2},"end":{"line":6,"column":62}},"locations":[{"start":{"line":6,"column":2},"end":{"line":6,"column":62}}]},"1":{"type":"branch","line":13,"loc":{"start":{"line":13,"column":8},"end":{"line":17,"column":3}},"locations":[{"start":{"line":13,"column":8},"end":{"line":17,"column":3}}]}},"b":{"0":[18],"1":[9]},"fnMap":{"0":{"name":"UpdateUserController","decl":{"start":{"line":6,"column":2},"end":{"line":6,"column":62}},"loc":{"start":{"line":6,"column":2},"end":{"line":6,"column":62}},"line":6},"1":{"name":"update","decl":{"start":{"line":7,"column":8},"end":{"line":11,"column":3}},"loc":{"start":{"line":7,"column":8},"end":{"line":11,"column":3}},"line":7},"2":{"name":"updateMock","decl":{"start":{"line":13,"column":8},"end":{"line":17,"column":3}},"loc":{"start":{"line":13,"column":8},"end":{"line":17,"column":3}},"line":13}},"f":{"0":18,"1":0,"2":9}}
,"C:\\Users\\Schwab\\Documents\\GitHub\\base-api-express-prisma\\src\\modules\\User\\UpdateUser\\UpdateUserService.ts": {"path":"C:\\Users\\Schwab\\Documents\\GitHub\\base-api-express-prisma\\src\\modules\\User\\UpdateUser\\UpdateUserService.ts","all":false,"statementMap":{"0":{"start":{"line":1,"column":0},"end":{"line":1,"column":49}},"1":{"start":{"line":2,"column":0},"end":{"line":2,"column":66}},"2":{"start":{"line":3,"column":0},"end":{"line":3,"column":89}},"3":{"start":{"line":4,"column":0},"end":{"line":4,"column":0}},"4":{"start":{"line":5,"column":0},"end":{"line":5,"column":62}},"5":{"start":{"line":6,"column":0},"end":{"line":6,"column":62}},"6":{"start":{"line":7,"column":0},"end":{"line":7,"column":0}},"7":{"start":{"line":8,"column":0},"end":{"line":8,"column":76}},"8":{"start":{"line":9,"column":0},"end":{"line":9,"column":14}},"9":{"start":{"line":10,"column":0},"end":{"line":10,"column":14}},"10":{"start":{"line":11,"column":0},"end":{"line":11,"column":24}},"11":{"start":{"line":12,"column":0},"end":{"line":12,"column":36}},"12":{"start":{"line":13,"column":0},"end":{"line":13,"column":8}},"13":{"start":{"line":14,"column":0},"end":{"line":14,"column":5}},"14":{"start":{"line":15,"column":0},"end":{"line":15,"column":21}},"15":{"start":{"line":16,"column":0},"end":{"line":16,"column":14}},"16":{"start":{"line":17,"column":0},"end":{"line":17,"column":24}},"17":{"start":{"line":18,"column":0},"end":{"line":18,"column":38}},"18":{"start":{"line":19,"column":0},"end":{"line":19,"column":8}},"19":{"start":{"line":20,"column":0},"end":{"line":20,"column":5}},"20":{"start":{"line":21,"column":0},"end":{"line":21,"column":0}},"21":{"start":{"line":22,"column":0},"end":{"line":22,"column":22}},"22":{"start":{"line":23,"column":0},"end":{"line":23,"column":14}},"23":{"start":{"line":24,"column":0},"end":{"line":24,"column":24}},"24":{"start":{"line":25,"column":0},"end":{"line":25,"column":40}},"25":{"start":{"line":26,"column":0},"end":{"line":26,"column":8}},"26":{"start":{"line":27,"column":0},"end":{"line":27,"column":5}},"27":{"start":{"line":28,"column":0},"end":{"line":28,"column":0}},"28":{"start":{"line":29,"column":0},"end":{"line":29,"column":48}},"29":{"start":{"line":30,"column":0},"end":{"line":30,"column":50}},"30":{"start":{"line":31,"column":0},"end":{"line":31,"column":16}},"31":{"start":{"line":32,"column":0},"end":{"line":32,"column":26}},"32":{"start":{"line":33,"column":0},"end":{"line":33,"column":46}},"33":{"start":{"line":34,"column":0},"end":{"line":34,"column":10}},"34":{"start":{"line":35,"column":0},"end":{"line":35,"column":7}},"35":{"start":{"line":36,"column":0},"end":{"line":36,"column":12}},"36":{"start":{"line":37,"column":0},"end":{"line":37,"column":14}},"37":{"start":{"line":38,"column":0},"end":{"line":38,"column":24}},"38":{"start":{"line":39,"column":0},"end":{"line":39,"column":72}},"39":{"start":{"line":40,"column":0},"end":{"line":40,"column":8}},"40":{"start":{"line":41,"column":0},"end":{"line":41,"column":5}},"41":{"start":{"line":42,"column":0},"end":{"line":42,"column":0}},"42":{"start":{"line":43,"column":0},"end":{"line":43,"column":57}},"43":{"start":{"line":44,"column":0},"end":{"line":44,"column":0}},"44":{"start":{"line":45,"column":0},"end":{"line":45,"column":21}},"45":{"start":{"line":46,"column":0},"end":{"line":46,"column":14}},"46":{"start":{"line":47,"column":0},"end":{"line":47,"column":24}},"47":{"start":{"line":48,"column":0},"end":{"line":48,"column":40}},"48":{"start":{"line":49,"column":0},"end":{"line":49,"column":8}},"49":{"start":{"line":50,"column":0},"end":{"line":50,"column":5}},"50":{"start":{"line":51,"column":0},"end":{"line":51,"column":0}},"51":{"start":{"line":52,"column":0},"end":{"line":52,"column":48}},"52":{"start":{"line":53,"column":0},"end":{"line":53,"column":19}},"53":{"start":{"line":54,"column":0},"end":{"line":54,"column":24}},"54":{"start":{"line":55,"column":0},"end":{"line":55,"column":26}},"55":{"start":{"line":56,"column":0},"end":{"line":56,"column":32}},"56":{"start":{"line":57,"column":0},"end":{"line":57,"column":8}},"57":{"start":{"line":58,"column":0},"end":{"line":58,"column":57}},"58":{"start":{"line":59,"column":0},"end":{"line":59,"column":18}},"59":{"start":{"line":60,"column":0},"end":{"line":60,"column":16}},"60":{"start":{"line":61,"column":0},"end":{"line":61,"column":26}},"61":{"start":{"line":62,"column":0},"end":{"line":62,"column":60}},"62":{"start":{"line":63,"column":0},"end":{"line":63,"column":10}},"63":{"start":{"line":64,"column":0},"end":{"line":64,"column":7}},"64":{"start":{"line":65,"column":0},"end":{"line":65,"column":14}},"65":{"start":{"line":66,"column":0},"end":{"line":66,"column":24}},"66":{"start":{"line":67,"column":0},"end":{"line":67,"column":48}},"67":{"start":{"line":68,"column":0},"end":{"line":68,"column":8}},"68":{"start":{"line":69,"column":0},"end":{"line":69,"column":12}},"69":{"start":{"line":70,"column":0},"end":{"line":70,"column":19}},"70":{"start":{"line":71,"column":0},"end":{"line":71,"column":24}},"71":{"start":{"line":72,"column":0},"end":{"line":72,"column":26}},"72":{"start":{"line":73,"column":0},"end":{"line":73,"column":37}},"73":{"start":{"line":74,"column":0},"end":{"line":74,"column":8}},"74":{"start":{"line":75,"column":0},"end":{"line":75,"column":57}},"75":{"start":{"line":76,"column":0},"end":{"line":76,"column":18}},"76":{"start":{"line":77,"column":0},"end":{"line":77,"column":16}},"77":{"start":{"line":78,"column":0},"end":{"line":78,"column":26}},"78":{"start":{"line":79,"column":0},"end":{"line":79,"column":60}},"79":{"start":{"line":80,"column":0},"end":{"line":80,"column":10}},"80":{"start":{"line":81,"column":0},"end":{"line":81,"column":7}},"81":{"start":{"line":82,"column":0},"end":{"line":82,"column":0}},"82":{"start":{"line":83,"column":0},"end":{"line":83,"column":32}},"83":{"start":{"line":84,"column":0},"end":{"line":84,"column":16}},"84":{"start":{"line":85,"column":0},"end":{"line":85,"column":26}},"85":{"start":{"line":86,"column":0},"end":{"line":86,"column":42}},"86":{"start":{"line":87,"column":0},"end":{"line":87,"column":10}},"87":{"start":{"line":88,"column":0},"end":{"line":88,"column":7}},"88":{"start":{"line":89,"column":0},"end":{"line":89,"column":0}},"89":{"start":{"line":90,"column":0},"end":{"line":90,"column":14}},"90":{"start":{"line":91,"column":0},"end":{"line":91,"column":24}},"91":{"start":{"line":92,"column":0},"end":{"line":92,"column":48}},"92":{"start":{"line":93,"column":0},"end":{"line":93,"column":8}},"93":{"start":{"line":94,"column":0},"end":{"line":94,"column":5}},"94":{"start":{"line":95,"column":0},"end":{"line":95,"column":3}},"95":{"start":{"line":96,"column":0},"end":{"line":96,"column":1}}},"s":{"0":1,"1":1,"2":1,"3":1,"4":1,"5":1,"6":1,"7":1,"8":18,"9":2,"10":2,"11":2,"12":2,"13":2,"14":18,"15":2,"16":2,"17":2,"18":2,"19":2,"20":14,"21":18,"22":2,"23":2,"24":2,"25":2,"26":2,"27":12,"28":18,"29":8,"30":2,"31":2,"32":2,"33":2,"34":2,"35":18,"36":4,"37":4,"38":4,"39":4,"40":4,"41":6,"42":6,"43":6,"44":18,"45":2,"46":2,"47":2,"48":2,"49":2,"50":4,"51":18,"52":4,"53":4,"54":4,"55":4,"56":4,"57":4,"58":4,"59":0,"60":0,"61":0,"62":0,"63":0,"64":4,"65":4,"66":4,"67":4,"68":18,"69":0,"70":0,"71":0,"72":0,"73":0,"74":0,"75":0,"76":0,"77":0,"78":0,"79":0,"80":0,"81":0,"82":0,"83":0,"84":0,"85":0,"86":0,"87":0,"88":0,"89":0,"90":0,"91":0,"92":0,"93":0,"94":18,"95":1},"branchMap":{"0":{"type":"branch","line":6,"loc":{"start":{"line":6,"column":2},"end":{"line":6,"column":62}},"locations":[{"start":{"line":6,"column":2},"end":{"line":6,"column":62}}]},"1":{"type":"branch","line":8,"loc":{"start":{"line":8,"column":8},"end":{"line":95,"column":3}},"locations":[{"start":{"line":8,"column":8},"end":{"line":95,"column":3}}]},"2":{"type":"branch","line":9,"loc":{"start":{"line":9,"column":13},"end":{"line":14,"column":5}},"locations":[{"start":{"line":9,"column":13},"end":{"line":14,"column":5}}]},"3":{"type":"branch","line":15,"loc":{"start":{"line":15,"column":-2},"end":{"line":15,"column":20}},"locations":[{"start":{"line":15,"column":-2},"end":{"line":15,"column":20}}]},"4":{"type":"branch","line":15,"loc":{"start":{"line":15,"column":20},"end":{"line":20,"column":5}},"locations":[{"start":{"line":15,"column":20},"end":{"line":20,"column":5}}]},"5":{"type":"branch","line":21,"loc":{"start":{"line":21,"column":-2},"end":{"line":22,"column":21}},"locations":[{"start":{"line":21,"column":-2},"end":{"line":22,"column":21}}]},"6":{"type":"branch","line":22,"loc":{"start":{"line":22,"column":21},"end":{"line":27,"column":5}},"locations":[{"start":{"line":22,"column":21},"end":{"line":27,"column":5}}]},"7":{"type":"branch","line":28,"loc":{"start":{"line":28,"column":-2},"end":{"line":29,"column":25}},"locations":[{"start":{"line":28,"column":-2},"end":{"line":29,"column":25}}]},"8":{"type":"branch","line":29,"loc":{"start":{"line":29,"column":21},"end":{"line":29,"column":45}},"locations":[{"start":{"line":29,"column":21},"end":{"line":29,"column":45}}]},"9":{"type":"branch","line":29,"loc":{"start":{"line":29,"column":47},"end":{"line":36,"column":11}},"locations":[{"start":{"line":29,"column":47},"end":{"line":36,"column":11}}]},"10":{"type":"branch","line":30,"loc":{"start":{"line":30,"column":49},"end":{"line":35,"column":7}},"locations":[{"start":{"line":30,"column":49},"end":{"line":35,"column":7}}]},"11":{"type":"branch","line":36,"loc":{"start":{"line":36,"column":5},"end":{"line":41,"column":5}},"locations":[{"start":{"line":36,"column":5},"end":{"line":41,"column":5}}]},"12":{"type":"branch","line":42,"loc":{"start":{"line":42,"column":-2},"end":{"line":45,"column":20}},"locations":[{"start":{"line":42,"column":-2},"end":{"line":45,"column":20}}]},"13":{"type":"branch","line":45,"loc":{"start":{"line":45,"column":20},"end":{"line":50,"column":5}},"locations":[{"start":{"line":45,"column":20},"end":{"line":50,"column":5}}]},"14":{"type":"branch","line":51,"loc":{"start":{"line":51,"column":-2},"end":{"line":52,"column":45}},"locations":[{"start":{"line":51,"column":-2},"end":{"line":52,"column":45}}]},"15":{"type":"branch","line":52,"loc":{"start":{"line":52,"column":47},"end":{"line":69,"column":11}},"locations":[{"start":{"line":52,"column":47},"end":{"line":69,"column":11}}]},"16":{"type":"branch","line":59,"loc":{"start":{"line":59,"column":17},"end":{"line":64,"column":7}},"locations":[{"start":{"line":59,"column":17},"end":{"line":64,"column":7}}]},"17":{"type":"branch","line":69,"loc":{"start":{"line":69,"column":5},"end":{"line":94,"column":5}},"locations":[{"start":{"line":69,"column":5},"end":{"line":94,"column":5}}]}},"b":{"0":[18],"1":[18],"2":[2],"3":[16],"4":[2],"5":[14],"6":[2],"7":[12],"8":[10],"9":[8],"10":[2],"11":[4],"12":[6],"13":[2],"14":[4],"15":[4],"16":[0],"17":[0]},"fnMap":{"0":{"name":"UpdateUserService","decl":{"start":{"line":6,"column":2},"end":{"line":6,"column":62}},"loc":{"start":{"line":6,"column":2},"end":{"line":6,"column":62}},"line":6},"1":{"name":"update","decl":{"start":{"line":8,"column":8},"end":{"line":95,"column":3}},"loc":{"start":{"line":8,"column":8},"end":{"line":95,"column":3}},"line":8}},"f":{"0":18,"1":18}}
,"C:\\Users\\Schwab\\Documents\\GitHub\\base-api-express-prisma\\src\\repositories\\UserRepository\\Prisma\\MockUserRepository.ts": {"path":"C:\\Users\\Schwab\\Documents\\GitHub\\base-api-express-prisma\\src\\repositories\\UserRepository\\Prisma\\MockUserRepository.ts","all":false,"statementMap":{"0":{"start":{"line":1,"column":0},"end":{"line":1,"column":49}},"1":{"start":{"line":2,"column":0},"end":{"line":2,"column":47}},"2":{"start":{"line":3,"column":0},"end":{"line":3,"column":36}},"3":{"start":{"line":4,"column":0},"end":{"line":4,"column":0}},"4":{"start":{"line":5,"column":0},"end":{"line":5,"column":26}},"5":{"start":{"line":6,"column":0},"end":{"line":6,"column":0}},"6":{"start":{"line":7,"column":0},"end":{"line":7,"column":60}},"7":{"start":{"line":8,"column":0},"end":{"line":8,"column":65}},"8":{"start":{"line":9,"column":0},"end":{"line":9,"column":35}},"9":{"start":{"line":10,"column":0},"end":{"line":10,"column":49}},"10":{"start":{"line":11,"column":0},"end":{"line":11,"column":22}},"11":{"start":{"line":12,"column":0},"end":{"line":12,"column":24}},"12":{"start":{"line":13,"column":0},"end":{"line":13,"column":30}},"13":{"start":{"line":14,"column":0},"end":{"line":14,"column":6}},"14":{"start":{"line":15,"column":0},"end":{"line":15,"column":21}},"15":{"start":{"line":16,"column":0},"end":{"line":16,"column":41}},"16":{"start":{"line":17,"column":0},"end":{"line":17,"column":3}},"17":{"start":{"line":18,"column":0},"end":{"line":18,"column":62}},"18":{"start":{"line":19,"column":0},"end":{"line":19,"column":46}},"19":{"start":{"line":20,"column":0},"end":{"line":20,"column":28}},"20":{"start":{"line":21,"column":0},"end":{"line":21,"column":7}},"21":{"start":{"line":22,"column":0},"end":{"line":22,"column":0}},"22":{"start":{"line":23,"column":0},"end":{"line":23,"column":31}},"23":{"start":{"line":24,"column":0},"end":{"line":24,"column":23}},"24":{"start":{"line":25,"column":0},"end":{"line":25,"column":12}},"25":{"start":{"line":26,"column":0},"end":{"line":26,"column":25}},"26":{"start":{"line":27,"column":0},"end":{"line":27,"column":5}},"27":{"start":{"line":28,"column":0},"end":{"line":28,"column":3}},"28":{"start":{"line":29,"column":0},"end":{"line":29,"column":86}},"29":{"start":{"line":30,"column":0},"end":{"line":30,"column":46}},"30":{"start":{"line":31,"column":0},"end":{"line":31,"column":28}},"31":{"start":{"line":32,"column":0},"end":{"line":32,"column":7}},"32":{"start":{"line":33,"column":0},"end":{"line":33,"column":0}},"33":{"start":{"line":34,"column":0},"end":{"line":34,"column":31}},"34":{"start":{"line":35,"column":0},"end":{"line":35,"column":23}},"35":{"start":{"line":36,"column":0},"end":{"line":36,"column":12}},"36":{"start":{"line":37,"column":0},"end":{"line":37,"column":31}},"37":{"start":{"line":38,"column":0},"end":{"line":38,"column":40}},"38":{"start":{"line":39,"column":0},"end":{"line":39,"column":29}},"39":{"start":{"line":40,"column":0},"end":{"line":40,"column":0}},"40":{"start":{"line":41,"column":0},"end":{"line":41,"column":26}},"41":{"start":{"line":42,"column":0},"end":{"line":42,"column":15}},"42":{"start":{"line":43,"column":0},"end":{"line":43,"column":24}},"43":{"start":{"line":44,"column":0},"end":{"line":44,"column":26}},"44":{"start":{"line":45,"column":0},"end":{"line":45,"column":32}},"45":{"start":{"line":46,"column":0},"end":{"line":46,"column":8}},"46":{"start":{"line":47,"column":0},"end":{"line":47,"column":0}},"47":{"start":{"line":48,"column":0},"end":{"line":48,"column":41}},"48":{"start":{"line":49,"column":0},"end":{"line":49,"column":0}},"49":{"start":{"line":50,"column":0},"end":{"line":50,"column":26}},"50":{"start":{"line":51,"column":0},"end":{"line":51,"column":5}},"51":{"start":{"line":52,"column":0},"end":{"line":52,"column":3}},"52":{"start":{"line":53,"column":0},"end":{"line":53,"column":57}},"53":{"start":{"line":54,"column":0},"end":{"line":54,"column":46}},"54":{"start":{"line":55,"column":0},"end":{"line":55,"column":28}},"55":{"start":{"line":56,"column":0},"end":{"line":56,"column":7}},"56":{"start":{"line":57,"column":0},"end":{"line":57,"column":0}},"57":{"start":{"line":58,"column":0},"end":{"line":58,"column":31}},"58":{"start":{"line":59,"column":0},"end":{"line":59,"column":25}},"59":{"start":{"line":60,"column":0},"end":{"line":60,"column":12}},"60":{"start":{"line":61,"column":0},"end":{"line":61,"column":31}},"61":{"start":{"line":62,"column":0},"end":{"line":62,"column":40}},"62":{"start":{"line":63,"column":0},"end":{"line":63,"column":29}},"63":{"start":{"line":64,"column":0},"end":{"line":64,"column":0}},"64":{"start":{"line":65,"column":0},"end":{"line":65,"column":45}},"65":{"start":{"line":66,"column":0},"end":{"line":66,"column":5}},"66":{"start":{"line":67,"column":0},"end":{"line":67,"column":3}},"67":{"start":{"line":68,"column":0},"end":{"line":68,"column":46}},"68":{"start":{"line":69,"column":0},"end":{"line":69,"column":17}},"69":{"start":{"line":70,"column":0},"end":{"line":70,"column":3}},"70":{"start":{"line":71,"column":0},"end":{"line":71,"column":68}},"71":{"start":{"line":72,"column":0},"end":{"line":72,"column":46}},"72":{"start":{"line":73,"column":0},"end":{"line":73,"column":34}},"73":{"start":{"line":74,"column":0},"end":{"line":74,"column":7}},"74":{"start":{"line":75,"column":0},"end":{"line":75,"column":0}},"75":{"start":{"line":76,"column":0},"end":{"line":76,"column":31}},"76":{"start":{"line":77,"column":0},"end":{"line":77,"column":23}},"77":{"start":{"line":78,"column":0},"end":{"line":78,"column":12}},"78":{"start":{"line":79,"column":0},"end":{"line":79,"column":25}},"79":{"start":{"line":80,"column":0},"end":{"line":80,"column":5}},"80":{"start":{"line":81,"column":0},"end":{"line":81,"column":3}},"81":{"start":{"line":82,"column":0},"end":{"line":82,"column":1}}},"s":{"0":1,"1":1,"2":1,"3":1,"4":1,"5":1,"6":1,"7":1,"8":10,"9":10,"10":10,"11":10,"12":10,"13":10,"14":10,"15":10,"16":10,"17":1,"18":12,"19":12,"20":12,"21":12,"22":12,"23":4,"24":10,"25":8,"26":8,"27":12,"28":1,"29":4,"30":4,"31":4,"32":4,"33":4,"34":0,"35":4,"36":4,"37":4,"38":4,"39":4,"40":4,"41":4,"42":4,"43":4,"44":4,"45":4,"46":4,"47":4,"48":4,"49":4,"50":4,"51":4,"52":1,"53":4,"54":2,"55":4,"56":4,"57":4,"58":2,"59":2,"60":2,"61":2,"62":2,"63":2,"64":2,"65":2,"66":4,"67":1,"68":4,"69":4,"70":1,"71":12,"72":2,"73":12,"74":12,"75":12,"76":10,"77":10,"78":2,"79":2,"80":12,"81":1},"branchMap":{"0":{"type":"branch","line":8,"loc":{"start":{"line":8,"column":8},"end":{"line":17,"column":3}},"locations":[{"start":{"line":8,"column":8},"end":{"line":17,"column":3}}]},"1":{"type":"branch","line":18,"loc":{"start":{"line":18,"column":8},"end":{"line":28,"column":3}},"locations":[{"start":{"line":18,"column":8},"end":{"line":28,"column":3}}]},"2":{"type":"branch","line":23,"loc":{"start":{"line":23,"column":30},"end":{"line":27,"column":5}},"locations":[{"start":{"line":23,"column":30},"end":{"line":27,"column":5}}]},"3":{"type":"branch","line":23,"loc":{"start":{"line":23,"column":30},"end":{"line":25,"column":11}},"locations":[{"start":{"line":23,"column":30},"end":{"line":25,"column":11}}]},"4":{"type":"branch","line":25,"loc":{"start":{"line":25,"column":5},"end":{"line":27,"column":5}},"locations":[{"start":{"line":25,"column":5},"end":{"line":27,"column":5}}]},"5":{"type":"branch","line":19,"loc":{"start":{"line":19,"column":34},"end":{"line":21,"column":5}},"locations":[{"start":{"line":19,"column":34},"end":{"line":21,"column":5}}]},"6":{"type":"branch","line":29,"loc":{"start":{"line":29,"column":8},"end":{"line":52,"column":3}},"locations":[{"start":{"line":29,"column":8},"end":{"line":52,"column":3}}]},"7":{"type":"branch","line":34,"loc":{"start":{"line":34,"column":30},"end":{"line":36,"column":11}},"locations":[{"start":{"line":34,"column":30},"end":{"line":36,"column":11}}]},"8":{"type":"branch","line":30,"loc":{"start":{"line":30,"column":34},"end":{"line":32,"column":5}},"locations":[{"start":{"line":30,"column":34},"end":{"line":32,"column":5}}]},"9":{"type":"branch","line":53,"loc":{"start":{"line":53,"column":8},"end":{"line":67,"column":3}},"locations":[{"start":{"line":53,"column":8},"end":{"line":67,"column":3}}]},"10":{"type":"branch","line":58,"loc":{"start":{"line":58,"column":30},"end":{"line":66,"column":5}},"locations":[{"start":{"line":58,"column":30},"end":{"line":66,"column":5}}]},"11":{"type":"branch","line":54,"loc":{"start":{"line":54,"column":34},"end":{"line":56,"column":5}},"locations":[{"start":{"line":54,"column":34},"end":{"line":56,"column":5}}]},"12":{"type":"branch","line":68,"loc":{"start":{"line":68,"column":8},"end":{"line":70,"column":3}},"locations":[{"start":{"line":68,"column":8},"end":{"line":70,"column":3}}]},"13":{"type":"branch","line":71,"loc":{"start":{"line":71,"column":8},"end":{"line":81,"column":3}},"locations":[{"start":{"line":71,"column":8},"end":{"line":81,"column":3}}]},"14":{"type":"branch","line":76,"loc":{"start":{"line":76,"column":30},"end":{"line":80,"column":5}},"locations":[{"start":{"line":76,"column":30},"end":{"line":80,"column":5}}]},"15":{"type":"branch","line":78,"loc":{"start":{"line":78,"column":5},"end":{"line":80,"column":5}},"locations":[{"start":{"line":78,"column":5},"end":{"line":80,"column":5}}]},"16":{"type":"branch","line":72,"loc":{"start":{"line":72,"column":34},"end":{"line":74,"column":5}},"locations":[{"start":{"line":72,"column":34},"end":{"line":74,"column":5}}]}},"b":{"0":[10],"1":[12],"2":[10],"3":[4],"4":[8],"5":[12],"6":[4],"7":[0],"8":[4],"9":[4],"10":[2],"11":[2],"12":[4],"13":[12],"14":[10],"15":[2],"16":[2]},"fnMap":{"0":{"name":"create","decl":{"start":{"line":8,"column":8},"end":{"line":17,"column":3}},"loc":{"start":{"line":8,"column":8},"end":{"line":17,"column":3}},"line":8},"1":{"name":"findUser","decl":{"start":{"line":18,"column":8},"end":{"line":28,"column":3}},"loc":{"start":{"line":18,"column":8},"end":{"line":28,"column":3}},"line":18},"2":{"name":"update","decl":{"start":{"line":29,"column":8},"end":{"line":52,"column":3}},"loc":{"start":{"line":29,"column":8},"end":{"line":52,"column":3}},"line":29},"3":{"name":"delete","decl":{"start":{"line":53,"column":8},"end":{"line":67,"column":3}},"loc":{"start":{"line":53,"column":8},"end":{"line":67,"column":3}},"line":53},"4":{"name":"findAll","decl":{"start":{"line":68,"column":8},"end":{"line":70,"column":3}},"loc":{"start":{"line":68,"column":8},"end":{"line":70,"column":3}},"line":68},"5":{"name":"findByEmail","decl":{"start":{"line":71,"column":8},"end":{"line":81,"column":3}},"loc":{"start":{"line":71,"column":8},"end":{"line":81,"column":3}},"line":71}},"f":{"0":10,"1":12,"2":4,"3":4,"4":4,"5":12}}
}
