TN:
SF:src\entities\User\UserEntity.ts
FN:9,UserEntity
FNF:1
FNH:1
FNDA:10,UserEntity
DA:1,1
DA:2,1
DA:3,1
DA:4,1
DA:5,1
DA:6,1
DA:7,1
DA:8,1
DA:9,1
DA:10,10
DA:11,10
DA:12,10
DA:13,10
DA:14,10
DA:15,1
LF:15
LH:15
BRDA:9,0,0,10
BRF:1
BRH:1
end_of_record
TN:
SF:src\modules\User\CreateUser\CreateUserController.ts
FN:6,CreateUserController
FN:8,create
FN:14,createMock
FNF:3
FNH:2
FNDA:22,CreateUserController
FNDA:0,create
FNDA:12,createMock
DA:1,1
DA:2,1
DA:3,1
DA:4,1
DA:5,1
DA:6,1
DA:7,1
DA:8,1
DA:9,0
DA:10,0
DA:11,0
DA:12,0
DA:13,1
DA:14,1
DA:15,12
DA:16,12
DA:17,12
DA:18,12
DA:19,1
LF:19
LH:15
BRDA:6,0,0,22
BRDA:14,1,0,12
BRF:2
BRH:2
end_of_record
TN:
SF:src\modules\User\CreateUser\CreateUserService.ts
FN:7,CreateUserService
FN:9,create
FNF:2
FNH:2
FNDA:22,CreateUserService
FNDA:22,create
DA:1,1
DA:2,1
DA:3,1
DA:4,1
DA:5,1
DA:6,1
DA:7,1
DA:8,1
DA:9,1
DA:10,22
DA:11,0
DA:12,0
DA:13,0
DA:14,0
DA:15,0
DA:16,22
DA:17,2
DA:18,2
DA:19,2
DA:20,2
DA:21,2
DA:22,20
DA:23,22
DA:24,2
DA:25,2
DA:26,2
DA:27,2
DA:28,2
DA:29,18
DA:30,22
DA:31,2
DA:32,2
DA:33,2
DA:34,2
DA:35,2
DA:36,16
DA:37,22
DA:38,2
DA:39,2
DA:40,2
DA:41,2
DA:42,2
DA:43,14
DA:44,22
DA:45,2
DA:46,2
DA:47,2
DA:48,2
DA:49,2
DA:50,12
DA:51,12
DA:52,12
DA:53,22
DA:54,2
DA:55,2
DA:56,2
DA:57,2
DA:58,2
DA:59,10
DA:60,10
DA:61,10
DA:62,10
DA:63,10
DA:64,10
DA:65,10
DA:66,10
DA:67,10
DA:68,10
DA:69,22
DA:70,0
DA:71,0
DA:72,0
DA:73,0
DA:74,0
DA:75,22
DA:76,1
LF:76
LH:66
BRDA:7,0,0,22
BRDA:9,1,0,22
BRDA:10,2,0,0
BRDA:16,3,0,2
BRDA:22,4,0,20
BRDA:23,5,0,2
BRDA:29,6,0,18
BRDA:30,7,0,2
BRDA:36,8,0,16
BRDA:37,9,0,2
BRDA:43,10,0,14
BRDA:44,11,0,2
BRDA:50,12,0,12
BRDA:53,13,0,10
BRDA:53,14,0,2
BRDA:69,15,0,0
BRF:16
BRH:14
end_of_record
TN:
SF:src\modules\User\DeleteUser\DeleteUserController.ts
FN:6,DeleteUserController
FN:8,delete
FN:14,deleteMock
FNF:3
FNH:2
FNDA:4,DeleteUserController
FNDA:0,delete
FNDA:2,deleteMock
DA:1,1
DA:2,1
DA:3,1
DA:4,1
DA:5,1
DA:6,1
DA:7,1
DA:8,1
DA:9,0
DA:10,0
DA:11,0
DA:12,0
DA:13,1
DA:14,1
DA:15,2
DA:16,2
DA:17,2
DA:18,2
DA:19,1
LF:19
LH:15
BRDA:6,0,0,4
BRDA:14,1,0,2
BRF:2
BRH:2
end_of_record
TN:
SF:src\modules\User\DeleteUser\DeleteUserService.ts
FN:6,DeleteUserService
FN:8,delete
FNF:2
FNH:2
FNDA:4,DeleteUserService
FNDA:4,delete
DA:1,1
DA:2,1
DA:3,1
DA:4,1
DA:5,1
DA:6,1
DA:7,1
DA:8,1
DA:9,4
DA:10,4
DA:11,0
DA:12,0
DA:13,0
DA:14,0
DA:15,0
DA:16,4
DA:17,4
DA:18,2
DA:19,2
DA:20,2
DA:21,2
DA:22,2
DA:23,2
DA:24,2
DA:25,2
DA:26,2
DA:27,2
DA:28,2
DA:29,1
LF:29
LH:24
BRDA:6,0,0,4
BRDA:8,1,0,4
BRDA:10,2,0,0
BRDA:17,3,0,2
BRF:4
BRH:3
end_of_record
TN:
SF:src\modules\User\FindAllUser\FindAllUserController.ts
FN:6,FindAllUserController
FN:7,findAll
FN:12,findAllMock
FNF:3
FNH:2
FNDA:4,FindAllUserController
FNDA:0,findAll
FNDA:2,findAllMock
DA:1,1
DA:2,1
DA:3,1
DA:4,1
DA:5,1
DA:6,1
DA:7,1
DA:8,0
DA:9,0
DA:10,0
DA:11,1
DA:12,1
DA:13,2
DA:14,2
DA:15,2
DA:16,1
LF:16
LH:13
BRDA:6,0,0,4
BRDA:12,1,0,2
BRF:2
BRH:2
end_of_record
TN:
SF:src\modules\User\FindAllUser\FindAllUserService.ts
FN:6,FindAllUserService
FN:8,findAll
FNF:2
FNH:2
FNDA:4,FindAllUserService
FNDA:4,findAll
DA:1,1
DA:2,1
DA:3,1
DA:4,1
DA:5,1
DA:6,1
DA:7,1
DA:8,1
DA:9,4
DA:10,4
DA:11,4
DA:12,2
DA:13,2
DA:14,2
DA:15,2
DA:16,2
DA:17,2
DA:18,2
DA:19,2
DA:20,2
DA:21,2
DA:22,2
DA:23,1
LF:23
LH:23
BRDA:6,0,0,4
BRDA:8,1,0,4
BRDA:11,2,0,2
BRF:3
BRH:3
end_of_record
TN:
SF:src\modules\User\FindUser\FindUserController.ts
FN:6,FindUserController
FN:7,find
FN:13,findMock
FNF:3
FNH:2
FNDA:6,FindUserController
FNDA:0,find
FNDA:2,findMock
DA:1,1
DA:2,1
DA:3,1
DA:4,1
DA:5,1
DA:6,1
DA:7,1
DA:8,0
DA:9,0
DA:10,0
DA:11,0
DA:12,1
DA:13,1
DA:14,2
DA:15,2
DA:16,2
DA:17,2
DA:18,1
LF:18
LH:14
BRDA:6,0,0,6
BRDA:13,1,0,2
BRF:2
BRH:2
end_of_record
TN:
SF:src\modules\User\FindUser\FindUserService.ts
FN:6,FindUserService
FN:8,find
FNF:2
FNH:2
FNDA:6,FindUserService
FNDA:6,find
DA:1,1
DA:2,1
DA:3,1
DA:4,1
DA:5,1
DA:6,1
DA:7,1
DA:8,1
DA:9,6
DA:10,0
DA:11,0
DA:12,0
DA:13,0
DA:14,0
DA:15,6
DA:16,6
DA:17,6
DA:18,6
DA:19,2
DA:20,2
DA:21,2
DA:22,2
DA:23,4
DA:24,4
DA:25,4
DA:26,4
DA:27,4
DA:28,4
DA:29,6
DA:30,1
LF:30
LH:25
BRDA:6,0,0,6
BRDA:8,1,0,6
BRDA:9,2,0,0
BRDA:18,3,0,4
BRDA:18,4,0,2
BRF:5
BRH:4
end_of_record
TN:
SF:src\modules\User\UpdateUser\UpdateUserController.ts
FN:6,UpdateUserController
FN:7,update
FN:13,updateMock
FNF:3
FNH:2
FNDA:18,UpdateUserController
FNDA:0,update
FNDA:9,updateMock
DA:1,1
DA:2,1
DA:3,1
DA:4,1
DA:5,1
DA:6,1
DA:7,1
DA:8,0
DA:9,0
DA:10,0
DA:11,0
DA:12,1
DA:13,1
DA:14,9
DA:15,9
DA:16,9
DA:17,9
DA:18,1
LF:18
LH:14
BRDA:6,0,0,18
BRDA:13,1,0,9
BRF:2
BRH:2
end_of_record
TN:
SF:src\modules\User\UpdateUser\UpdateUserService.ts
FN:6,UpdateUserService
FN:8,update
FNF:2
FNH:2
FNDA:18,UpdateUserService
FNDA:18,update
DA:1,1
DA:2,1
DA:3,1
DA:4,1
DA:5,1
DA:6,1
DA:7,1
DA:8,1
DA:9,18
DA:10,2
DA:11,2
DA:12,2
DA:13,2
DA:14,2
DA:15,18
DA:16,2
DA:17,2
DA:18,2
DA:19,2
DA:20,2
DA:21,14
DA:22,18
DA:23,2
DA:24,2
DA:25,2
DA:26,2
DA:27,2
DA:28,12
DA:29,18
DA:30,8
DA:31,2
DA:32,2
DA:33,2
DA:34,2
DA:35,2
DA:36,18
DA:37,4
DA:38,4
DA:39,4
DA:40,4
DA:41,4
DA:42,6
DA:43,6
DA:44,6
DA:45,18
DA:46,2
DA:47,2
DA:48,2
DA:49,2
DA:50,2
DA:51,4
DA:52,18
DA:53,4
DA:54,4
DA:55,4
DA:56,4
DA:57,4
DA:58,4
DA:59,4
DA:60,0
DA:61,0
DA:62,0
DA:63,0
DA:64,0
DA:65,4
DA:66,4
DA:67,4
DA:68,4
DA:69,18
DA:70,0
DA:71,0
DA:72,0
DA:73,0
DA:74,0
DA:75,0
DA:76,0
DA:77,0
DA:78,0
DA:79,0
DA:80,0
DA:81,0
DA:82,0
DA:83,0
DA:84,0
DA:85,0
DA:86,0
DA:87,0
DA:88,0
DA:89,0
DA:90,0
DA:91,0
DA:92,0
DA:93,0
DA:94,0
DA:95,18
DA:96,1
LF:96
LH:66
BRDA:6,0,0,18
BRDA:8,1,0,18
BRDA:9,2,0,2
BRDA:15,3,0,16
BRDA:15,4,0,2
BRDA:21,5,0,14
BRDA:22,6,0,2
BRDA:28,7,0,12
BRDA:29,8,0,10
BRDA:29,9,0,8
BRDA:30,10,0,2
BRDA:36,11,0,4
BRDA:42,12,0,6
BRDA:45,13,0,2
BRDA:51,14,0,4
BRDA:52,15,0,4
BRDA:59,16,0,0
BRDA:69,17,0,0
BRF:18
BRH:16
end_of_record
TN:
SF:src\repositories\UserRepository\Prisma\MockUserRepository.ts
FN:8,create
FN:18,findUser
FN:29,update
FN:53,delete
FN:68,findAll
FN:71,findByEmail
FNF:6
FNH:6
FNDA:10,create
FNDA:12,findUser
FNDA:4,update
FNDA:4,delete
FNDA:4,findAll
FNDA:12,findByEmail
DA:1,1
DA:2,1
DA:3,1
DA:4,1
DA:5,1
DA:6,1
DA:7,1
DA:8,1
DA:9,10
DA:10,10
DA:11,10
DA:12,10
DA:13,10
DA:14,10
DA:15,10
DA:16,10
DA:17,10
DA:18,1
DA:19,12
DA:20,12
DA:21,12
DA:22,12
DA:23,12
DA:24,4
DA:25,10
DA:26,8
DA:27,8
DA:28,12
DA:29,1
DA:30,4
DA:31,4
DA:32,4
DA:33,4
DA:34,4
DA:35,0
DA:36,4
DA:37,4
DA:38,4
DA:39,4
DA:40,4
DA:41,4
DA:42,4
DA:43,4
DA:44,4
DA:45,4
DA:46,4
DA:47,4
DA:48,4
DA:49,4
DA:50,4
DA:51,4
DA:52,4
DA:53,1
DA:54,4
DA:55,2
DA:56,4
DA:57,4
DA:58,4
DA:59,2
DA:60,2
DA:61,2
DA:62,2
DA:63,2
DA:64,2
DA:65,2
DA:66,2
DA:67,4
DA:68,1
DA:69,4
DA:70,4
DA:71,1
DA:72,12
DA:73,2
DA:74,12
DA:75,12
DA:76,12
DA:77,10
DA:78,10
DA:79,2
DA:80,2
DA:81,12
DA:82,1
LF:82
LH:81
BRDA:8,0,0,10
BRDA:18,1,0,12
BRDA:23,2,0,10
BRDA:23,3,0,4
BRDA:25,4,0,8
BRDA:19,5,0,12
BRDA:29,6,0,4
BRDA:34,7,0,0
BRDA:30,8,0,4
BRDA:53,9,0,4
BRDA:58,10,0,2
BRDA:54,11,0,2
BRDA:68,12,0,4
BRDA:71,13,0,12
BRDA:76,14,0,10
BRDA:78,15,0,2
BRDA:72,16,0,2
BRF:17
BRH:16
end_of_record
